47586 47586 47586
31375 31375 31375
2775 2775 2775
12720 12720 12720
93096 93096 93096
37401 37401 37401
1035 1035 1035
72010 72010 72010
90100 90100 90100
22155 22155 22155
97461 97461 97461
13861 13861 13861
121771 121771 121771
946 946 946
119316 119316 119316
10 10 10
53956 53956 53956
26565 26565 26565
58311 58311 58311
6441 6441 6441
46360 46360 46360
14535 14535 14535
22155 22155 22155
12561 12561 12561
1891 1891 1891
94395 94395 94395
5050 5050 5050
39060 39060 39060
50403 50403 50403
56616 56616 56616
4851 4851 4851
53628 53628 53628
91 91 91
36046 36046 36046
48516 48516 48516
9045 9045 9045
115440 115440 115440
11325 11325 11325
3240 3240 3240
52003 52003 52003
109746 109746 109746
15051 15051 15051
77815 77815 77815
56953 56953 56953
118341 118341 118341
30381 30381 30381
26335 26335 26335
4278 4278 4278
19110 19110 19110
64261 64261 64261
3 3 3
11935 11935 11935
21945 21945 21945
99235 99235 99235
14365 14365 14365
120786 120786 120786
7875 7875 7875
19503 19503 19503
496 496 496
81810 81810 81810
24976 24976 24976
14028 14028 14028
1275 1275 1275
325 325 325
45753 45753 45753
62835 62835 62835
114481 114481 114481
83845 83845 83845
26335 26335 26335
94395 94395 94395
44850 44850 44850
116403 116403 116403
9316 9316 9316
105 105 105
67161 67161 67161
49770 49770 49770
2080 2080 2080
703 703 703
90951 90951 90951
14535 14535 14535
6786 6786 6786
4560 4560 4560
8515 8515 8515
3 3 3
171 171 171
19306 19306 19306
5671 5671 5671
82215 82215 82215
102378 102378 102378
44850 44850 44850
17955 17955 17955
7750 7750 7750
21 21 21
73536 73536 73536
32131 32131 32131
2278 2278 2278
23653 23653 23653
57291 57291 57291
96580 96580 96580
10585 10585 10585
