141262836 141262836 141262836
2831318875 2831318875 2831318875
1253727775 1253727775 1253727775
953075970 953075970 953075970
39885846 39885846 39885846
63545901 63545901 63545901
379377285 379377285 379377285
1294361760 1294361760 1294361760
3036113850 3036113850 3036113850
711040905 711040905 711040905
2076353461 2076353461 2076353461
728340861 728340861 728340861
3569575771 3569575771 3569575771
926371446 926371446 926371446
31908066 31908066 31908066
253226260 253226260 253226260
3388990956 3388990956 3388990956
503412315 503412315 503412315
3107991061 3107991061 3107991061
907955191 907955191 907955191
981444360 981444360 981444360
550141035 550141035 550141035
156830905 156830905 156830905
4719887061 4719887061 4719887061
436941141 436941141 436941141
2515851645 2515851645 2515851645
4333851550 4333851550 4333851550
3222399060 3222399060 3222399060
1342526653 1342526653 1342526653
4544524116 4544524116 4544524116
4910256351 4910256351 4910256351
30634878 30634878 30634878
91307341 91307341 91307341
428322546 428322546 428322546
283493766 283493766 283493766
3013557795 3013557795 3013557795
3278920690 3278920690 3278920690
3132400825 3132400825 3132400825
669066490 669066490 669066490
1730043253 1730043253 1730043253
71622496 71622496 71622496
56961801 56961801 56961801
972315 972315 972315
186969453 186969453 186969453
324780841 324780841 324780841
4208710131 4208710131 4208710131
318263835 318263835 318263835
4426699278 4426699278 4426699278
807839110 807839110 807839110
3728895261 3728895261 3728895261
612587503 612587503 612587503
223756435 223756435 223756435
139603695 139603695 139603695
1678840485 1678840485 1678840485
122766615 122766615 122766615
2555517286 2555517286 2555517286
3883051875 3883051875 3883051875
2414503 2414503 2414503
45424746 45424746 45424746
1854679060 1854679060 1854679060
384296226 384296226 384296226
1494267778 1494267778 1494267778
407565525 407565525 407565525
162459325 162459325 162459325
4782664503 4782664503 4782664503
23492085 23492085 23492085
839618731 839618731 839618731
1123830345 1123830345 1123830345
33862335 33862335 33862335
2807589645 2807589645 2807589645
1818014850 1818014850 1818014850
759817653 759817653 759817653
410024566 410024566 410024566
32116105 32116105 32116105
284804911 284804911 284804911
4033412020 4033412020 4033412020
763017580 763017580 763017580
1487169453 1487169453 1487169453
777224451 777224451 777224451
1395285 1395285 1395285
290802786 290802786 290802786
201914560 201914560 201914560
2859986265 2859986265 2859986265
1081241253 1081241253 1081241253
1081985421 1081985421 1081985421
584700306 584700306 584700306
453200671 453200671 453200671
54137215 54137215 54137215
189199878 189199878 189199878
4446197850 4446197850 4446197850
3377556955 3377556955 3377556955
223122250 223122250 223122250
4950771771 4950771771 4950771771
1099031286 1099031286 1099031286
22804881 22804881 22804881
498253528 498253528 498253528
674087403 674087403 674087403
460212291 460212291 460212291
1481829580 1481829580 1481829580
1412222085 1412222085 1412222085
1326253753 1326253753 1326253753
1007937651 1007937651 1007937651
3517298128 3517298128 3517298128
1558466535 1558466535 1558466535
62033091 62033091 62033091
187395120 187395120 187395120
1413976431 1413976431 1413976431
3394756401 3394756401 3394756401
248544660 248544660 248544660
3034633465 3034633465 3034633465
233506855 233506855 233506855
1068722028 1068722028 1068722028
1784822131 1784822131 1784822131
975781576 975781576 975781576
1438437066 1438437066 1438437066
2197811850 2197811850 2197811850
4816073296 4816073296 4816073296
3232120200 3232120200 3232120200
391146465 391146465 391146465
4087300491 4087300491 4087300491
34191 34191 34191
2705426461 2705426461 2705426461
865092810 865092810 865092810
3872836045 3872836045 3872836045
134422606 134422606 134422606
337207465 337207465 337207465
182682055 182682055 182682055
10267246 10267246 10267246
2521032528 2521032528 2521032528
60099166 60099166 60099166
4796464596 4796464596 4796464596
3643719661 3643719661 3643719661
885510486 885510486 885510486
3188290731 3188290731 3188290731
473350296 473350296 473350296
571980753 571980753 571980753
3671945056 3671945056 3671945056
305378541 305378541 305378541
2713818628 2713818628 2713818628
1794154753 1794154753 1794154753
1180566936 1180566936 1180566936
308326528 308326528 308326528
108626430 108626430 108626430
1407602211 1407602211 1407602211
499833153 499833153 499833153
195851736 195851736 195851736
1547988261 1547988261 1547988261
57036540 57036540 57036540
697007116 697007116 697007116
2965077528 2965077528 2965077528
4799403351 4799403351 4799403351
651586950 651586950 651586950
1205233156 1205233156 1205233156
2836588860 2836588860 2836588860
3482410240 3482410240 3482410240
1022627700 1022627700 1022627700
75528195 75528195 75528195
1610933941 1610933941 1610933941
1195922871 1195922871 1195922871
3708973128 3708973128 3708973128
652489750 652489750 652489750
435346278 435346278 435346278
1049484205 1049484205 1049484205
2946931606 2946931606 2946931606
620911180 620911180 620911180
423274060 423274060 423274060
4629288531 4629288531 4629288531
3858415935 3858415935 3858415935
76477528 76477528 76477528
821563380 821563380 821563380
318213378 318213378 318213378
118510710 118510710 118510710
855510930 855510930 855510930
175584430 175584430 175584430
30775935 30775935 30775935
1775573436 1775573436 1775573436
668006076 668006076 668006076
1019735380 1019735380 1019735380
37191000 37191000 37191000
2109153826 2109153826 2109153826
4742065191 4742065191 4742065191
26053371 26053371 26053371
4538519901 4538519901 4538519901
1542373570 1542373570 1542373570
4925132376 4925132376 4925132376
898307691 898307691 898307691
91091253 91091253 91091253
4501723941 4501723941 4501723941
825175000 825175000 825175000
3396651831 3396651831 3396651831
396084585 396084585 396084585
511024465 511024465 511024465
638548716 638548716 638548716
4991653486 4991653486 4991653486
1898912751 1898912751 1898912751
2018379880 2018379880 2018379880
1060001946 1060001946 1060001946
4609200078 4609200078 4609200078
1494978540 1494978540 1494978540
291695781 291695781 291695781
2830942635 2830942635 2830942635
2987374456 2987374456 2987374456
3106256790 3106256790 3106256790
4085854003 4085854003 4085854003
3845074971 3845074971 3845074971
1649836 1649836 1649836
84402528 84402528 84402528
801380595 801380595 801380595
256975785 256975785 256975785
188150901 188150901 188150901
4010004235 4010004235 4010004235
55635426 55635426 55635426
2874829051 2874829051 2874829051
224963866 224963866 224963866
439961616 439961616 439961616
456397578 456397578 456397578
571541145 571541145 571541145
2692202131 2692202131 2692202131
259065703 259065703 259065703
196251 196251 196251
697007116 697007116 697007116
1747515 1747515 1747515
3041727006 3041727006 3041727006
3857253 3857253 3857253
1969942296 1969942296 1969942296
4747325520 4747325520 4747325520
446272750 446272750 446272750
3990147778 3990147778 3990147778
822455403 822455403 822455403
1584985753 1584985753 1584985753
2371779501 2371779501 2371779501
157641 157641 157641
201914560 201914560 201914560
180224605 180224605 180224605
94620646 94620646 94620646
791641945 791641945 791641945
1321416936 1321416936 1321416936
392462136 392462136 392462136
455853915 455853915 455853915
259247835 259247835 259247835
122954721 122954721 122954721
5973696 5973696 5973696
142070796 142070796 142070796
2278631278 2278631278 2278631278
2517980130 2517980130 2517980130
561242256 561242256 561242256
3756494503 3756494503 3756494503
1991404495 1991404495 1991404495
2000312875 2000312875 2000312875
2720278 2720278 2720278
3029960935 3029960935 3029960935
3840340980 3840340980 3840340980
1848897645 1848897645 1848897645
799940001 799940001 799940001
410482878 410482878 410482878
1504288675 1504288675 1504288675
1021723410 1021723410 1021723410
4582355778 4582355778 4582355778
4659261778 4659261778 4659261778
4803519120 4803519120 4803519120
4552535910 4552535910 4552535910
676255476 676255476 676255476
882441055 882441055 882441055
455461471 455461471 455461471
3865886415 3865886415 3865886415
4533852700 4533852700 4533852700
970443540 970443540 970443540
3895046191 3895046191 3895046191
2944398691 2944398691 2944398691
4190380831 4190380831 4190380831
1119520221 1119520221 1119520221
704119101 704119101 704119101
8826301 8826301 8826301
586788153 586788153 586788153
232535395 232535395 232535395
1836089101 1836089101 1836089101
22107925 22107925 22107925
710852365 710852365 710852365
326439576 326439576 326439576
316298976 316298976 316298976
881055253 881055253 881055253
998991 998991 998991
743263290 743263290 743263290
3427795801 3427795801 3427795801
3138765 3138765 3138765
1170433153 1170433153 1170433153
603763875 603763875 603763875
24967711 24967711 24967711
1762962510 1762962510 1762962510
1137668850 1137668850 1137668850
3058441155 3058441155 3058441155
315771015 315771015 315771015
3085404735 3085404735 3085404735
2144109870 2144109870 2144109870
1272525576 1272525576 1272525576
2087129136 2087129136 2087129136
3262259925 3262259925 3262259925
1027109826 1027109826 1027109826
2067662971 2067662971 2067662971
1522278253 1522278253 1522278253
2453816485 2453816485 2453816485
370613925 370613925 370613925
3581245396 3581245396 3581245396
3229467528 3229467528 3229467528
14588101 14588101 14588101
1826829235 1826829235 1826829235
4547861506 4547861506 4547861506
2470096041 2470096041 2470096041
3445952653 3445952653 3445952653
4408558050 4408558050 4408558050
33264246 33264246 33264246
846023545 846023545 846023545
121033461 121033461 121033461
4663606753 4663606753 4663606753
1414029610 1414029610 1414029610
1697550778 1697550778 1697550778
3815753761 3815753761 3815753761
235716328 235716328 235716328
388633260 388633260 388633260
212499420 212499420 212499420
2799053610 2799053610 2799053610
4582930191 4582930191 4582930191
3455672545 3455672545 3455672545
212025528 212025528 212025528
281354781 281354781 281354781
1188939466 1188939466 1188939466
22008295 22008295 22008295
2903105701 2903105701 2903105701
2890470528 2890470528 2890470528
744574755 744574755 744574755
1835604345 1835604345 1835604345
1505605375 1505605375 1505605375
4888478881 4888478881 4888478881
695850165 695850165 695850165
3148965120 3148965120 3148965120
1872811801 1872811801 1872811801
2984206140 2984206140 2984206140
2377844241 2377844241 2377844241
111250986 111250986 111250986
4413160326 4413160326 4413160326
1034283421 1034283421 1034283421
29888046 29888046 29888046
2446955946 2446955946 2446955946
2778664878 2778664878 2778664878
688520386 688520386 688520386
850348180 850348180 850348180
800060001 800060001 800060001
3606340128 3606340128 3606340128
1014143166 1014143166 1014143166
2801897511 2801897511 2801897511
1867491055 1867491055 1867491055
1255781670 1255781670 1255781670
437917215 437917215 437917215
926841 926841 926841
4836902190 4836902190 4836902190
2340613990 2340613990 2340613990
321526761 321526761 321526761
906804991 906804991 906804991
94263315 94263315 94263315
220846636 220846636 220846636
2931061330 2931061330 2931061330
18626356 18626356 18626356
1855531821 1855531821 1855531821
3753634690 3753634690 3753634690
188577910 188577910 188577910
1982515996 1982515996 1982515996
1139959626 1139959626 1139959626
1024709085 1024709085 1024709085
1534386106 1534386106 1534386106
271549860 271549860 271549860
10010575 10010575 10010575
182490960 182490960 182490960
69025375 69025375 69025375
297350691 297350691 297350691
16014970 16014970 16014970
2013617530 2013617530 2013617530
1030920528 1030920528 1030920528
2732933346 2732933346 2732933346
793035225 793035225 793035225
3623856411 3623856411 3623856411
474825 474825 474825
1776348210 1776348210 1776348210
1099734651 1099734651 1099734651
31375081 31375081 31375081
7807176 7807176 7807176
620664528 620664528 620664528
3914487921 3914487921 3914487921
204110910 204110910 204110910
96625851 96625851 96625851
300651981 300651981 300651981
1955281845 1955281845 1955281845
3301553170 3301553170 3301553170
144576510 144576510 144576510
174424503 174424503 174424503
219482676 219482676 219482676
286454080 286454080 286454080
1727632371 1727632371 1727632371
3190447140 3190447140 3190447140
875020861 875020861 875020861
3409356600 3409356600 3409356600
562818025 562818025 562818025
2778366696 2778366696 2778366696
19534375 19534375 19534375
1392468378 1392468378 1392468378
2198607516 2198607516 2198607516
126095140 126095140 126095140
484620 484620 484620
2448005406 2448005406 2448005406
4235818861 4235818861 4235818861
3421671450 3421671450 3421671450
2712271726 2712271726 2712271726
4417878 4417878 4417878
1416743065 1416743065 1416743065
4078806040 4078806040 4078806040
157486878 157486878 157486878
53050150 53050150 53050150
3804667296 3804667296 3804667296
3665606253 3665606253 3665606253
2504727253 2504727253 2504727253
1256282875 1256282875 1256282875
2328724135 2328724135 2328724135
2961382320 2961382320 2961382320
1137525753 1137525753 1137525753
2229283378 2229283378 2229283378
422401645 422401645 422401645
4191754141 4191754141 4191754141
1601751700 1601751700 1601751700
175828128 175828128 175828128
2445906711 2445906711 2445906711
2080415260 2080415260 2080415260
4009825128 4009825128 4009825128
4306152003 4306152003 4306152003
370096821 370096821 370096821
113725821 113725821 113725821
3233647990 3233647990 3233647990
1756792450 1756792450 1756792450
1779091075 1779091075 1779091075
816665905 816665905 816665905
3471236181 3471236181 3471236181
181003851 181003851 181003851
242297091 242297091 242297091
1592220 1592220 1592220
1500944655 1500944655 1500944655
290851021 290851021 290851021
288228045 288228045 288228045
3325323576 3325323576 3325323576
2133710475 2133710475 2133710475
184252806 184252806 184252806
1313716911 1313716911 1313716911
300431328 300431328 300431328
636941586 636941586 636941586
747587778 747587778 747587778
1947597666 1947597666 1947597666
1835846715 1835846715 1835846715
4100058735 4100058735 4100058735
45758961 45758961 45758961
4136997241 4136997241 4136997241
413094396 413094396 413094396
1321211310 1321211310 1321211310
1477151481 1477151481 1477151481
26707086 26707086 26707086
1575990153 1575990153 1575990153
1008521416 1008521416 1008521416
87139801 87139801 87139801
4305966400 4305966400 4305966400
930033756 930033756 930033756
203464878 203464878 203464878
1669755366 1669755366 1669755366
592213320 592213320 592213320
500117751 500117751 500117751
138486403 138486403 138486403
190485921 190485921 190485921
1531783575 1531783575 1531783575
1699246 1699246 1699246
102481086 102481086 102481086
127608300 127608300 127608300
3316766181 3316766181 3316766181
64689625 64689625 64689625
2607972531 2607972531 2607972531
796503828 796503828 796503828
42693420 42693420 42693420
1014999040 1014999040 1014999040
853113471 853113471 853113471
1620540915 1620540915 1620540915
3382901385 3382901385 3382901385
1468305145 1468305145 1468305145
115026528 115026528 115026528
9493903 9493903 9493903
1758571165 1758571165 1758571165
1791699591 1791699591 1791699591
1053382050 1053382050 1053382050
15643621 15643621 15643621
1481781 1481781 1481781
2185761903 2185761903 2185761903
1330325571 1330325571 1330325571
4887490146 4887490146 4887490146
1217883981 1217883981 1217883981
362895270 362895270 362895270
3096805650 3096805650 3096805650
4503242253 4503242253 4503242253
1849080078 1849080078 1849080078
138070653 138070653 138070653
1618378278 1618378278 1618378278
1184506128 1184506128 1184506128
503380585 503380585 503380585
355711128 355711128 355711128
1334506953 1334506953 1334506953
2968081581 2968081581 2968081581
4871881 4871881 4871881
204859161 204859161 204859161
147224220 147224220 147224220
4945598785 4945598785 4945598785
2424064006 2424064006 2424064006
3642439276 3642439276 3642439276
1442516328 1442516328 1442516328
632416830 632416830 632416830
437946810 437946810 437946810
28384345 28384345 28384345
1493856 1493856 1493856
30642706 30642706 30642706
4880374206 4880374206 4880374206
190759278 190759278 190759278
701007846 701007846 701007846
1327026403 1327026403 1327026403
3613137528 3613137528 3613137528
3082420386 3082420386 3082420386
2239511275 2239511275 2239511275
907486503 907486503 907486503
367164351 367164351 367164351
2357269453 2357269453 2357269453
2251506960 2251506960 2251506960
589119975 589119975 589119975
3208765995 3208765995 3208765995
1009689453 1009689453 1009689453
2604903 2604903 2604903
144780636 144780636 144780636
955347616 955347616 955347616
1998226153 1998226153 1998226153
1817371 1817371 1817371
2886062325 2886062325 2886062325
2297233653 2297233653 2297233653
3421423281 3421423281 3421423281
2505789028 2505789028 2505789028
3294325035 3294325035 3294325035
4788925911 4788925911 4788925911
125270706 125270706 125270706
436231953 436231953 436231953
139938085 139938085 139938085
1631718501 1631718501 1631718501
207784305 207784305 207784305
3213494196 3213494196 3213494196
4045546225 4045546225 4045546225
114003 114003 114003
128761128 128761128 128761128
232794253 232794253 232794253
2357612778 2357612778 2357612778
3000684246 3000684246 3000684246
1831425981 1831425981 1831425981
374982805 374982805 374982805
881685028 881685028 881685028
317809866 317809866 317809866
553097170 553097170 553097170
397972578 397972578 397972578
2362971885 2362971885 2362971885
190505440 190505440 190505440
3673916340 3673916340 3673916340
240583080 240583080 240583080
2232890551 2232890551 2232890551
3261775296 3261775296 3261775296
1722287395 1722287395 1722287395
1240991290 1240991290 1240991290
2665631620 2665631620 2665631620
69933051 69933051 69933051
4261740 4261740 4261740
1683711435 1683711435 1683711435
545506965 545506965 545506965
3044769630 3044769630 3044769630
22636356 22636356 22636356
1312845661 1312845661 1312845661
569716890 569716890 569716890
3744715611 3744715611 3744715611
35259003 35259003 35259003
4134723516 4134723516 4134723516
4757070 4757070 4757070
1154377225 1154377225 1154377225
1098234411 1098234411 1098234411
3785587578 3785587578 3785587578
116334631 116334631 116334631
1407973645 1407973645 1407973645
3032452503 3032452503 3032452503
148582941 148582941 148582941
533876826 533876826 533876826
2467285381 2467285381 2467285381
3420596116 3420596116 3420596116
2479241736 2479241736 2479241736
397436721 397436721 397436721
305329116 305329116 305329116
1498699126 1498699126 1498699126
1986926241 1986926241 1986926241
845650 845650 845650
2342598576 2342598576 2342598576
1235865186 1235865186 1235865186
869215665 869215665 869215665
1774917990 1774917990 1774917990
2253252015 2253252015 2253252015
4528236195 4528236195 4528236195
577337190 577337190 577337190
1431258753 1431258753 1431258753
4562656101 4562656101 4562656101
52947195 52947195 52947195
2809463320 2809463320 2809463320
98483595 98483595 98483595
69637701 69637701 69637701
2118386595 2118386595 2118386595
3843145956 3843145956 3843145956
620171371 620171371 620171371
3268159128 3268159128 3268159128
221330280 221330280 221330280
45548740 45548740 45548740
813637630 813637630 813637630
3692626953 3692626953 3692626953
5519503 5519503 5519503
4774648060 4774648060 4774648060
666033753 666033753 666033753
4163144376 4163144376 4163144376
958760155 958760155 958760155
402158980 402158980 402158980
337701066 337701066 337701066
1014143166 1014143166 1014143166
2127900466 2127900466 2127900466
3520737741 3520737741 3520737741
3671002455 3671002455 3671002455
1057563045 1057563045 1057563045
3510005005 3510005005 3510005005
2031106980 2031106980 2031106980
256930446 256930446 256930446
135460 135460 135460
2636578036 2636578036 2636578036
2247616581 2247616581 2247616581
2176515253 2176515253 2176515253
355444453 355444453 355444453
2166564051 2166564051 2166564051
3429617610 3429617610 3429617610
2565607528 2565607528 2565607528
262308060 262308060 262308060
2642608650 2642608650 2642608650
677101600 677101600 677101600
4291131120 4291131120 4291131120
98077015 98077015 98077015
45167760 45167760 45167760
231540 231540 231540
1189085761 1189085761 1189085761
27324528 27324528 27324528
8439886 8439886 8439886
2107660275 2107660275 2107660275
103198161 103198161 103198161
1631490003 1631490003 1631490003
104480740 104480740 104480740
2972783278 2972783278 2972783278
376792426 376792426 376792426
1336677660 1336677660 1336677660
475352361 475352361 475352361
2522879061 2522879061 2522879061
516570153 516570153 516570153
1900700340 1900700340 1900700340
3360237231 3360237231 3360237231
891200871 891200871 891200871
1452685851 1452685851 1452685851
1641100695 1641100695 1641100695
2698663311 2698663311 2698663311
3591154126 3591154126 3591154126
6564876 6564876 6564876
4039252140 4039252140 4039252140
1759342221 1759342221 1759342221
1151403 1151403 1151403
2051169225 2051169225 2051169225
3424898466 3424898466 3424898466
221140965 221140965 221140965
1202485320 1202485320 1202485320
1389145695 1389145695 1389145695
17431560 17431560 17431560
3533811 3533811 3533811
57915703 57915703 57915703
2869296381 2869296381 2869296381
1889126778 1889126778 1889126778
37173753 37173753 37173753
992729961 992729961 992729961
24482503 24482503 24482503
363326446 363326446 363326446
2239912846 2239912846 2239912846
231028260 231028260 231028260
1037697346 1037697346 1037697346
4252494753 4252494753 4252494753
429640641 429640641 429640641
2632365 2632365 2632365
493875306 493875306 493875306
891834261 891834261 891834261
2998902735 2998902735 2998902735
605259028 605259028 605259028
2418900 2418900 2418900
1208033281 1208033281 1208033281
1006097653 1006097653 1006097653
2706382806 2706382806 2706382806
2067534360 2067534360 2067534360
376490520 376490520 376490520
83405070 83405070 83405070
640837900 640837900 640837900
358249528 358249528 358249528
4216971366 4216971366 4216971366
3355648003 3355648003 3355648003
1060047990 1060047990 1060047990
258860881 258860881 258860881
2744478828 2744478828 2744478828
4024884060 4024884060 4024884060
766419976 766419976 766419976
2340066666 2340066666 2340066666
173436000 173436000 173436000
997726785 997726785 997726785
46142421 46142421 46142421
1247226540 1247226540 1247226540
696111328 696111328 696111328
251608528 251608528 251608528
3041493021 3041493021 3041493021
792716653 792716653 792716653
748864350 748864350 748864350
3782107878 3782107878 3782107878
3251445120 3251445120 3251445120
940506 940506 940506
333788203 333788203 333788203
3191405778 3191405778 3191405778
3432765511 3432765511 3432765511
4496791195 4496791195 4496791195
3471902785 3471902785 3471902785
165228931 165228931 165228931
2768535666 2768535666 2768535666
156370770 156370770 156370770
3627603253 3627603253 3627603253
275901795 275901795 275901795
2598664278 2598664278 2598664278
2480579830 2480579830 2480579830
3588103828 3588103828 3588103828
361952965 361952965 361952965
4143002878 4143002878 4143002878
2105518278 2105518278 2105518278
58228236 58228236 58228236
137026 137026 137026
1762131295 1762131295 1762131295
23746386 23746386 23746386
309644055 309644055 309644055
141363705 141363705 141363705
858740403 858740403 858740403
25407756 25407756 25407756
130904290 130904290 130904290
3679576005 3679576005 3679576005
4468763991 4468763991 4468763991
446153256 446153256 446153256
3833595703 3833595703 3833595703
530809653 530809653 530809653
2750334861 2750334861 2750334861
1048980306 1048980306 1048980306
1666578511 1666578511 1666578511
2266900111 2266900111 2266900111
1145074440 1145074440 1145074440
1785658680 1785658680 1785658680
48496476 48496476 48496476
2619323631 2619323631 2619323631
818647416 818647416 818647416
3121408566 3121408566 3121408566
960118110 960118110 960118110
4816858476 4816858476 4816858476
89492131 89492131 89492131
444153 444153 444153
960863203 960863203 960863203
357019281 357019281 357019281
521661150 521661150 521661150
4618902441 4618902441 4618902441
604146180 604146180 604146180
199150903 199150903 199150903
2767047636 2767047636 2767047636
653537781 653537781 653537781
451486225 451486225 451486225
4513972620 4513972620 4513972620
1743185535 1743185535 1743185535
111295740 111295740 111295740
806071476 806071476 806071476
1255130253 1255130253 1255130253
852700456 852700456 852700456
196465753 196465753 196465753
4582355778 4582355778 4582355778
990236253 990236253 990236253
398932381 398932381 398932381
1510438203 1510438203 1510438203
1060692711 1060692711 1060692711
6165316 6165316 6165316
4411375485 4411375485 4411375485
1290650221 1290650221 1290650221
1932834225 1932834225 1932834225
3373366591 3373366591 3373366591
46759285 46759285 46759285
764307253 764307253 764307253
10145260 10145260 10145260
1124446753 1124446753 1124446753
174405826 174405826 174405826
3082655940 3082655940 3082655940
295281451 295281451 295281451
2925398295 2925398295 2925398295
810574716 810574716 810574716
513777540 513777540 513777540
2330020980 2330020980 2330020980
1719588690 1719588690 1719588690
309768495 309768495 309768495
1023849126 1023849126 1023849126
2944245216 2944245216 2944245216
2409325236 2409325236 2409325236
491897295 491897295 491897295
1377888760 1377888760 1377888760
1298690130 1298690130 1298690130
2295674920 2295674920 2295674920
3668261031 3668261031 3668261031
3620451871 3620451871 3620451871
1642647903 1642647903 1642647903
2225478970 2225478970 2225478970
1886300331 1886300331 1886300331
1685568891 1685568891 1685568891
27762426 27762426 27762426
2007846765 2007846765 2007846765
3100190653 3100190653 3100190653
4218073476 4218073476 4218073476
4920072003 4920072003 4920072003
11464866 11464866 11464866
3131253 3131253 3131253
3892751730 3892751730 3892751730
4336551885 4336551885 4336551885
2490238878 2490238878 2490238878
2999212525 2999212525 2999212525
3861139626 3861139626 3861139626
148858885 148858885 148858885
876653128 876653128 876653128
2403359115 2403359115 2403359115
1940302365 1940302365 1940302365
568536060 568536060 568536060
2699104128 2699104128 2699104128
753554431 753554431 753554431
331930495 331930495 331930495
3287023740 3287023740 3287023740
908722396 908722396 908722396
4456765666 4456765666 4456765666
3879175321 3879175321 3879175321
2185563555 2185563555 2185563555
2006199496 2006199496 2006199496
4815680730 4815680730 4815680730
1170481536 1170481536 1170481536
1060094035 1060094035 1060094035
4883635035 4883635035 4883635035
4840738815 4840738815 4840738815
2020985676 2020985676 2020985676
481671 481671 481671
40513501 40513501 40513501
1039566003 1039566003 1039566003
17692326 17692326 17692326
2269459506 2269459506 2269459506
2183844916 2183844916 2183844916
21415240 21415240 21415240
1390463745 1390463745 1390463745
1975281231 1975281231 1975281231
4073659453 4073659453 4073659453
2951078725 2951078725 2951078725
1479761601 1479761601 1479761601
3393355771 3393355771 3393355771
2504868810 2504868810 2504868810
2581822011 2581822011 2581822011
2695578600 2695578600 2695578600
1770095250 1770095250 1770095250
2245538620 2245538620 2245538620
1396376281 1396376281 1396376281
1901193616 1901193616 1901193616
2346844305 2346844305 2346844305
354085966 354085966 354085966
4690009675 4690009675 4690009675
42499590 42499590 42499590
186080986 186080986 186080986
2816739096 2816739096 2816739096
3676059640 3676059640 3676059640
172171846 172171846 172171846
661988691 661988691 661988691
21356380 21356380 21356380
3721817226 3721817226 3721817226
2989384503 2989384503 2989384503
62189128 62189128 62189128
225303378 225303378 225303378
2831469378 2831469378 2831469378
4461393030 4461393030 4461393030
537411720 537411720 537411720
139703970 139703970 139703970
2207037141 2207037141 2207037141
717466140 717466140 717466140
29641150 29641150 29641150
99426151 99426151 99426151
3456005091 3456005091 3456005091
4444972041 4444972041 4444972041
1052464260 1052464260 1052464260
167179755 167179755 167179755
2474103996 2474103996 2474103996
2107075986 2107075986 2107075986
1056229741 1056229741 1056229741
1988817846 1988817846 1988817846
617462511 617462511 617462511
57335986 57335986 57335986
949063528 949063528 949063528
214856085 214856085 214856085
158766 158766 158766
2202123430 2202123430 2202123430
880761435 880761435 880761435
919840386 919840386 919840386
79689000 79689000 79689000
248188060 248188060 248188060
149895955 149895955 149895955
1047103203 1047103203 1047103203
364810566 364810566 364810566
606965061 606965061 606965061
2962921710 2962921710 2962921710
1058069001 1058069001 1058069001
27346710 27346710 27346710
595418286 595418286 595418286
3841918653 3841918653 3841918653
2214617628 2214617628 2214617628
1908847578 1908847578 1908847578
4364816028 4364816028 4364816028
1487605785 1487605785 1487605785
3259514170 3259514170 3259514170
38522253 38522253 38522253
28769905 28769905 28769905
2756791131 2756791131 2756791131
2746108995 2746108995 2746108995
2851295370 2851295370 2851295370
4182054240 4182054240 4182054240
4514447710 4514447710 4514447710
3446948935 3446948935 3446948935
2222611128 2222611128 2222611128
4266247006 4266247006 4266247006
1605432780 1605432780 1605432780
2308499326 2308499326 2308499326
3530142325 3530142325 3530142325
301216240 301216240 301216240
142053940 142053940 142053940
18057045 18057045 18057045
112237653 112237653 112237653
3244433181 3244433181 3244433181
3722938905 3722938905 3722938905
2323199530 2323199530 2323199530
34948980 34948980 34948980
60725710 60725710 60725710
1533499890 1533499890 1533499890
4546526403 4546526403 4546526403
189394453 189394453 189394453
36027316 36027316 36027316
34898835 34898835 34898835
963626950 963626950 963626950
3679919155 3679919155 3679919155
4441107135 4441107135 4441107135
2441712021 2441712021 2441712021
3400444278 3400444278 3400444278
732851470 732851470 732851470
2130445450 2130445450 2130445450
28203 28203 28203
178803505 178803505 178803505
4857874596 4857874596 4857874596
238394530 238394530 238394530
1149145770 1149145770 1149145770
2428034455 2428034455 2428034455
2425735378 2425735378 2425735378
4009646025 4009646025 4009646025
42943278 42943278 42943278
1126629246 1126629246 1126629246
6216 6216 6216
191893845 191893845 191893845
3726304956 3726304956 3726304956
4779926425 4779926425 4779926425
327232153 327232153 327232153
3986932456 3986932456 3986932456
31501953 31501953 31501953
717276750 717276750 717276750
1032237766 1032237766 1032237766
1695512028 1695512028 1695512028
2242724851 2242724851 2242724851
3446948935 3446948935 3446948935
196010100 196010100 196010100
763291056 763291056 763291056
2781722166 2781722166 2781722166
2197745551 2197745551 2197745551
2386748595 2386748595 2386748595
3504628 3504628 3504628
423157686 423157686 423157686
1688531328 1688531328 1688531328
2218679191 2218679191 2218679191
1651084380 1651084380 1651084380
2600178441 2600178441 2600178441
282803653 282803653 282803653
1349531128 1349531128 1349531128
427240296 427240296 427240296
