Pruebas para lista encadenada
----------
AQUI HOLA CRAYOLA ESTOY
----------
AQUI MTY HOLA CRAYOLA ESTOY
----------
AQUI MTY CRAYOLA ESTOY
----------
Size = 4
----------
MTY CRAYOLA ESTOY
----------
TC1031 MTY CRAYOLA
----------
Dato en pos 2 es CRAYOLA
----------
Dato en pos 2 era CRAYOLA
----------
TC1031 MTY LUNA ESTRUCTURA DATOS
----------
TC1031 ESTRUCTURA LUNA MTY DATOS
----------
UNO DOS
----------
Pruebas para actividad 2.1
----------
CUATRO TRES DOS UNO
----------
DOS UNO CUATRO TRES
----------
TRES DOS UNO CUATRO
----------
IGUALES
----------
DISTINTAS
----------
Pruebas para actividad 2.2
----------
TRES DOS UNO CINCO
----------
DOS UNO CINCO
----------
DOS UNO CINCO
----------
UNO CINCO
----------
UNO CINCO DOS UNO CINCO
