854778 854778 854778
780625 780625 780625
576201 576201 576201
671061 671061 671061
1023165 1023165 1023165
809628 809628 809628
545490 545490 545490
950131 950131 950131
1013176 1013176 1013176
731445 731445 731445
1037520 1037520 1037520
679195 679195 679195
1113778 1113778 1113778
543403 543403 543403
1106328 1106328 1106328
503506 503506 503506
881128 881128 881128
755835 755835 755835
898470 898470 898470
618828 618828 618828
849556 849556 849556
683865 683865 683865
731445 731445 731445
669903 669903 669903
562330 562330 562330
1027461 1027461 1027461
604450 604450 604450
817281 817281 817281
866586 866586 866586
891780 891780 891780
602253 602253 602253
879801 879801 879801
512578 512578 512578
803278 803278 803278
858705 858705 858705
642411 642411 642411
1094460 1094460 1094460
660675 660675 660675
582660 582660 582660
873181 873181 873181
1076778 1076778 1076778
687378 687378 687378
970921 970921 970921
893116 893116 893116
1103355 1103355 1103355
775635 775635 775635
754606 754606 754606
595686 595686 595686
713415 713415 713415
921403 921403 921403
501501 501501 501501
665281 665281 665281
730236 730236 730236
1043290 1043290 1043290
682696 682696 682696
1110795 1110795 1110795
632250 632250 632250
715806 715806 715806
530965 530965 530965
984906 984906 984906
747253 747253 747253
680361 680361 680361
550725 550725 550725
524800 524800 524800
846951 846951 846951
915981 915981 915981
1091503 1091503 1091503
991936 991936 991936
754606 754606 754606
1027461 1027461 1027461
843051 843051 843051
1097421 1097421 1097421
644680 644680 644680
513591 513591 513591
932295 932295 932295
863955 863955 863955
565516 565516 565516
537166 537166 537166
1016025 1016025 1016025
683865 683865 683865
622170 622170 622170
598965 598965 598965
637885 637885 637885
501501 501501 501501
517653 517653 517653
714610 714610 714610
611065 611065 611065
986310 986310 986310
1053426 1053426 1053426
843051 843051 843051
706266 706266 706266
631126 631126 631126
505515 505515 505515
955653 955653 955653
784378 784378 784378
568711 568711 568711
739936 739936 739936
894453 894453 894453
1034641 1034641 1034641
654940 654940 654940
