141246028 141246028 141246028
116273625 116273625 116273625
50737701 50737701 50737701
93277311 93277311 93277311
179181915 179181915 179181915
63534628 63534628 63534628
153904740 153904740 153904740
59170881 59170881 59170881
160625926 160625926 160625926
156813195 156813195 156813195
104264020 104264020 104264020
164992695 164992695 164992695
105016278 105016278 105016278
85053403 85053403 85053403
161775078 161775078 161775078
78168756 78168756 78168756
75983628 75983628 75983628
68790585 68790585 68790585
177482220 177482220 177482220
79537578 79537578 79537578
102295056 102295056 102295056
86717865 86717865 86717865
156813195 156813195 156813195
147189903 147189903 147189903
191306580 191306580 191306580
59770711 59770711 59770711
85798450 85798450 85798450
52823781 52823781 52823781
69814836 69814836 69814836
117588780 117588780 117588780
182357253 182357253 182357253
158892051 158892051 158892051
91293828 91293828 91293828
185618278 185618278 185618278
95364955 95364955 95364955
155470161 155470161 155470161
60274710 60274710 60274710
183351675 183351675 183351675
137439910 137439910 137439910
177124431 177124431 177124431
71610528 71610528 71610528
56951128 56951128 56951128
64905921 64905921 64905921
186950116 186950116 186950116
119900355 119900355 119900355
68978385 68978385 68978385
115953606 115953606 115953606
99285186 99285186 99285186
51963915 51963915 51963915
133783903 133783903 133783903
112522501 112522501 112522501
62200281 62200281 62200281
139586986 139586986 139586986
161002540 161002540 161002540
122750946 122750946 122750946
66015795 66015795 66015795
164248750 164248750 164248750
74377306 74377306 74377306
190720215 190720215 190720215
59443156 59443156 59443156
157043503 157043503 157043503
107553111 107553111 107553111
172041975 172041975 172041975
162441300 162441300 162441300
158446701 158446701 158446701
142020231 142020231 142020231
60252753 60252753 60252753
151527936 151527936 151527936
166139106 166139106 166139106
111504711 111504711 111504711
53029551 53029551 53029551
180148671 180148671 180148671
173640930 173640930 173640930
162243091 162243091 162243091
96126045 96126045 96126045
196307205 196307205 196307205
181708516 181708516 181708516
105654916 105654916 105654916
188675025 188675025 188675025
68088615 68088615 68088615
99623670 99623670 99623670
50949465 50949465 50949465
122140635 122140635 122140635
136149751 136149751 136149751
136413903 136413903 136413903
100756110 100756110 100756110
51060565 51060565 51060565
54126810 54126810 54126810
189180426 189180426 189180426
102223551 102223551 102223551
74279766 74279766 74279766
61866126 61866126 61866126
190232265 190232265 190232265
142509403 142509403 142509403
140323128 140323128 140323128
66891961 66891961 66891961
139720686 139720686 139720686
53431953 53431953 53431953
104235141 104235141 104235141
86388940 86388940 86388940
66142251 66142251 66142251
110967753 110967753 110967753
96209256 96209256 96209256
125270706 125270706 125270706
62021953 62021953 62021953
187375761 187375761 187375761
86823253 86823253 86823253
76849003 76849003 76849003
75577365 75577365 75577365
160285560 160285560 160285560
67390245 67390245 67390245
131730796 131730796 131730796
194942385 194942385 194942385
100472400 100472400 100472400
92963430 92963430 92963430
132820551 132820551 132820551
164575153 164575153 164575153
54074800 54074800 54074800
161433496 161433496 161433496
54210078 54210078 54210078
52638930 52638930 52638930
91902903 91902903 91902903
67216215 67216215 67216215
162153036 162153036 162153036
134406210 134406210 134406210
127496496 127496496 127496496
182662941 182662941 182662941
105567715 105567715 105567715
60571521 60571521 60571521
60088203 60088203 60088203
160966653 160966653 160966653
118049295 118049295 118049295
72993403 72993403 72993403
197060878 197060878 197060878
57969528 57969528 57969528
95516931 95516931 95516931
123174360 123174360 123174360
108228828 108228828 108228828
93454956 93454956 93454956
198034851 198034851 198034851
172803345 172803345 172803345
109986696 109986696 109986696
108611691 108611691 108611691
85249153 85249153 85249153
67471536 67471536 67471536
195831945 195831945 195831945
122312620 122312620 122312620
57025860 57025860 57025860
150259780 150259780 150259780
144610521 144610521 144610521
161505378 161505378 161505378
129580851 129580851 129580851
182319060 182319060 182319060
117343540 117343540 117343540
90511785 90511785 90511785
115877476 115877476 115877476
75515905 75515905 75515905
140457180 140457180 140457180
178708965 178708965 178708965
130032001 130032001 130032001
129983626 129983626 129983626
190251771 190251771 190251771
125033391 125033391 125033391
140624835 140624835 140624835
116105941 116105941 116105941
182299965 182299965 182299965
131552310 131552310 131552310
159213090 159213090 159213090
76465161 76465161 76465161
55487845 55487845 55487845
115923151 115923151 115923151
118495315 118495315 118495315
64564566 64564566 64564566
175565691 175565691 175565691
159213090 159213090 159213090
191893845 191893845 191893845
136959525 136959525 136959525
114905220 114905220 114905220
173417376 173417376 173417376
111713878 111713878 111713878
151127805 151127805 151127805
148221153 148221153 148221153
116624628 116624628 116624628
120738030 120738030 120738030
185233128 185233128 185233128
76700305 76700305 76700305
91077756 91077756 91077756
110789055 110789055 110789055
56429376 56429376 56429376
77134410 77134410 77134410
164611440 164611440 164611440
71622496 71622496 71622496
123802980 123802980 123802980
198313570 198313570 198313570
67576125 67576125 67576125
91591345 91591345 91591345
128680903 128680903 128680903
128184066 128184066 128184066
107743860 107743860 107743860
100146628 100146628 100146628
116197390 116197390 116197390
149567160 149567160 149567160
177067971 177067971 177067971
54043606 54043606 54043606
156512278 156512278 156512278
69803020 69803020 69803020
84389536 84389536 84389536
50335561 50335561 50335561
80258115 80258115 80258115
188131503 188131503 188131503
191169681 191169681 191169681
55624878 55624878 55624878
125223225 125223225 125223225
62837655 62837655 62837655
193306953 193306953 193306953
52137366 52137366 52137366
95337336 95337336 95337336
89478753 89478753 89478753
81427941 81427941 81427941
56450625 56450625 56450625
150259780 150259780 150259780
70430646 70430646 70430646
161919010 161919010 161919010
81619476 81619476 81619476
81504528 81504528 81504528
152068080 152068080 152068080
197497875 197497875 197497875
186853446 186853446 186853446
55719846 55719846 55719846
132869451 132869451 132869451
178085628 178085628 178085628
55762080 55762080 55762080
50949465 50949465 50949465
180205620 180205620 180205620
94606890 94606890 94606890
195812155 195812155 195812155
65065528 65065528 65065528
162279120 162279120 162279120
51953721 51953721 51953721
81530065 81530065 81530065
122939040 122939040 122939040
90525240 90525240 90525240
142053940 142053940 142053940
153238771 153238771 153238771
60099166 60099166 60099166
91158753 91158753 91158753
139052826 139052826 139052826
85916386 85916386 85916386
87774625 87774625 87774625
76032946 76032946 76032946
159213090 159213090 159213090
155558341 155558341 155558341
58411836 58411836 58411836
199950003 199950003 199950003
173939226 173939226 173939226
110253825 110253825 110253825
115573206 115573206 115573206
123740046 123740046 123740046
136645246 136645246 136645246
162261105 162261105 162261105
118880490 118880490 118880490
140708700 140708700 140708700
72114045 72114045 72114045
51821290 51821290 51821290
160733485 160733485 160733485
115877476 115877476 115877476
98764485 98764485 98764485
166722930 166722930 166722930
140071953 140071953 140071953
66649285 66649285 66649285
149947903 149947903 149947903
153571575 153571575 153571575
100827100 100827100 100827100
101623896 101623896 101623896
66868830 66868830 66868830
56153503 56153503 56153503
138586276 138586276 138586276
156724660 156724660 156724660
120909025 120909025 120909025
114768825 114768825 114768825
71718276 71718276 71718276
65122578 65122578 65122578
172134735 172134735 172134735
81888003 81888003 81888003
78181260 78181260 78181260
168939771 168939771 168939771
108759126 108759126 108759126
145615645 145615645 145615645
187763131 187763131 187763131
156636150 156636150 156636150
165792945 165792945 165792945
114450885 114450885 114450885
172116181 172116181 172116181
119869386 119869386 119869386
54575128 54575128 54575128
106689528 106689528 106689528
58034151 58034151 58034151
117389503 117389503 117389503
102323665 102323665 102323665
115163076 115163076 115163076
50536431 50536431 50536431
148341700 148341700 148341700
107025765 107025765 107025765
53732161 53732161 53732161
118587700 118587700 118587700
54543790 54543790 54543790
118126135 118126135 118126135
52895755 52895755 52895755
84714636 84714636 84714636
96584151 96584151 96584151
164811090 164811090 164811090
61977411 61977411 61977411
121017903 121017903 121017903
137390176 137390176 137390176
86836431 86836431 86836431
166832511 166832511 166832511
150641403 150641403 150641403
68579616 68579616 68579616
159820381 159820381 159820381
56333805 56333805 56333805
109808790 109808790 109808790
123834453 123834453 123834453
86244411 86244411 86244411
56089936 56089936 56089936
94126060 94126060 94126060
176015703 176015703 176015703
138336661 138336661 138336661
131179503 131179503 131179503
128504496 128504496 128504496
172766166 172766166 172766166
56068755 56068755 56068755
110610501 110610501 110610501
178180003 178180003 178180003
149722860 149722860 149722860
187375761 187375761 187375761
62725600 62725600 62725600
148858885 148858885 148858885
179750280 179750280 179750280
111236070 111236070 111236070
97266378 97266378 97266378
119822940 119822940 119822940
157185315 157185315 157185315
199110990 199110990 199110990
105800331 105800331 105800331
146333278 146333278 146333278
63151941 63151941 63151941
50005000 50005000 50005000
111400201 111400201 111400201
113033130 113033130 113033130
110372653 110372653 110372653
61754941 61754941 61754941
51151555 51151555 51151555
191952621 191952621 191952621
64530480 64530480 64530480
168443835 168443835 168443835
169620571 169620571 169620571
117926403 117926403 117926403
79197405 79197405 79197405
94249585 94249585 94249585
60670620 60670620 60670620
137174766 137174766 137174766
129645253 129645253 129645253
59595903 59595903 59595903
138503046 138503046 138503046
188558490 188558490 188558490
84078028 84078028 84078028
157486878 157486878 157486878
116578815 116578815 116578815
118510710 118510710 118510710
88491556 88491556 88491556
104741101 104741101 104741101
182471856 182471856 182471856
69013626 69013626 69013626
103471305 103471305 103471305
122594311 122594311 122594311
90579070 90579070 90579070
118680121 118680121 118680121
97029415 97029415 97029415
196505400 196505400 196505400
114496278 114496278 114496278
60208851 60208851 60208851
192148606 192148606 192148606
142762753 142762753 142762753
160572160 160572160 160572160
97308225 97308225 97308225
115999296 115999296 115999296
170764440 170764440 170764440
52055706 52055706 52055706
96611950 96611950 96611950
105422460 105422460 105422460
78544311 78544311 78544311
63376911 63376911 63376911
144559506 144559506 144559506
174405826 174405826 174405826
59956725 59956725 59956725
97085145 97085145 97085145
176353590 176353590 176353590
197597260 197597260 197597260
70004028 70004028 70004028
79059025 79059025 79059025
91794475 91794475 91794475
105742153 105742153 105742153
132023125 132023125 132023125
81555606 81555606 81555606
133016205 133016205 133016205
126079260 126079260 126079260
60318636 60318636 60318636
199410435 199410435 199410435
72486820 72486820 72486820
80943726 80943726 80943726
93168075 93168075 93168075
84129906 84129906 84129906
87509835 87509835 87509835
53235721 53235721 53235721
157469131 157469131 157469131
53039850 53039850 53039850
148445065 148445065 148445065
122015631 122015631 122015631
58066476 58066476 58066476
51252750 51252750 51252750
166430890 166430890 166430890
143795361 143795361 143795361
156583056 156583056 156583056
140641606 140641606 140641606
181727580 181727580 181727580
66822580 66822580 66822580
137755101 137755101 137755101
175809376 175809376 175809376
198811770 198811770 198811770
105175756 105175756 105175756
191130576 191130576 191130576
81939201 81939201 81939201
148014615 148014615 148014615
113710740 113710740 113710740
54272571 54272571 54272571
185753175 185753175 185753175
193051425 193051425 193051425
54220491 54220491 54220491
88717860 88717860 88717860
180984825 180984825 180984825
72150078 72150078 72150078
69425436 69425436 69425436
109349866 109349866 109349866
99651903 99651903 99651903
98119036 98119036 98119036
66707025 66707025 66707025
117420150 117420150 117420150
184233610 184233610 184233610
63365653 63365653 63365653
105291816 105291816 105291816
123095895 123095895 123095895
174219111 174219111 174219111
77010255 77010255 77010255
56111121 56111121 56111121
55688181 55688181 55688181
191404395 191404395 191404395
60066280 60066280 60066280
175640653 175640653 175640653
65019906 65019906 65019906
102997128 102997128 102997128
149774778 149774778 149774778
130274011 130274011 130274011
111161505 111161505 111161505
87126600 87126600 87126600
81913600 81913600 81913600
86165628 86165628 86165628
51729706 51729706 51729706
158197578 158197578 158197578
103888905 103888905 103888905
67576125 67576125 67576125
138469761 138469761 138469761
190466403 190466403 190466403
117788226 117788226 117788226
70122403 70122403 70122403
102466770 102466770 102466770
127592325 127592325 127592325
65499735 65499735 65499735
64678251 64678251 64678251
74670310 74670310 74670310
198233916 198233916 198233916
185079180 185079180 185079180
113318985 113318985 113318985
63907165 63907165 63907165
143303985 143303985 143303985
75074131 75074131 75074131
100670955 100670955 100670955
115011361 115011361 115011361
103054546 103054546 103054546
186331860 186331860 186331860
197219730 197219730 197219730
126381151 126381151 126381151
121563028 121563028 121563028
68685060 68685060 68685060
129870786 129870786 129870786
67053990 67053990 67053990
177991278 177991278 177991278
187259628 187259628 187259628
143473330 143473330 143473330
174816951 174816951 174816951
111027351 111027351 111027351
58444266 58444266 58444266
138054036 138054036 138054036
142661386 142661386 142661386
174312456 174312456 174312456
68778856 68778856 68778856
138969456 138969456 138969456
67995291 67995291 67995291
145274535 145274535 145274535
86073760 86073760 86073760
52433920 52433920 52433920
147207061 147207061 147207061
189219331 189219331 189219331
192619378 192619378 192619378
117818925 117818925 117818925
94002616 94002616 94002616
121111266 121111266 121111266
191972215 191972215 191972215
153711811 153711811 153711811
68767128 68767128 68767128
158909878 158909878 158909878
176635410 176635410 176635410
190739746 190739746 190739746
152120403 152120403 152120403
66314886 66314886 66314886
112597521 112597521 112597521
171411870 171411870 171411870
143219350 143219350 143219350
79398901 79398901 79398901
146162253 146162253 146162253
174125791 174125791 174125791
146264856 146264856 146264856
102595650 102595650 102595650
51090886 51090886 51090886
111549516 111549516 111549516
75417621 75417621 75417621
144763620 144763620 144763620
93988905 93988905 93988905
87337936 87337936 87337936
70870465 70870465 70870465
127576351 127576351 127576351
158090871 158090871 158090871
80905560 80905560 80905560
58228236 58228236 58228236
62378865 62378865 62378865
159588045 159588045 159588045
125254878 125254878 125254878
190837416 190837416 190837416
139921356 139921356 139921356
146641375 146641375 146641375
53918920 53918920 53918920
51689028 51689028 51689028
198991275 198991275 198991275
54878526 54878526 54878526
128745081 128745081 128745081
67007676 67007676 67007676
174219111 174219111 174219111
152556778 152556778 152556778
55340460 55340460 55340460
151110420 151110420 151110420
71898036 71898036 71898036
115679655 115679655 115679655
87893911 87893911 87893911
165829366 165829366 165829366
175678140 175678140 175678140
190485921 190485921 190485921
123535621 123535621 123535621
71216145 71216145 71216145
141548725 141548725 141548725
57969528 57969528 57969528
174648705 174648705 174648705
196386471 196386471 196386471
84688605 84688605 84688605
69921225 69921225 69921225
83443821 83443821 83443821
162513406 162513406 162513406
84883935 84883935 84883935
162621595 162621595 162621595
139904628 139904628 139904628
63174420 63174420 63174420
94593135 94593135 94593135
136794070 136794070 136794070
169215606 169215606 169215606
59792580 59792580 59792580
85588986 85588986 85588986
162874176 162874176 162874176
142222545 142222545 142222545
144695566 144695566 144695566
116319378 116319378 116319378
85340580 85340580 85340580
159784626 159784626 159784626
148565703 148565703 148565703
80334150 80334150 80334150
52485135 52485135 52485135
80778405 80778405 80778405
54241320 54241320 54241320
165483528 165483528 165483528
108199405 108199405 108199405
108744378 108744378 108744378
84988203 84988203 84988203
63839350 63839350 63839350
170155128 170155128 170155128
194350470 194350470 194350470
68368971 68368971 68368971
191678410 191678410 191678410
146709885 146709885 146709885
114981030 114981030 114981030
97713210 97713210 97713210
91145251 91145251 91145251
120520575 120520575 120520575
52936905 52936905 52936905
111878361 111878361 111878361
98469561 98469561 98469561
69625900 69625900 69625900
113846505 113846505 113846505
156123285 156123285 156123285
115786153 115786153 115786153
58823281 58823281 58823281
60924241 60924241 60924241
190974196 190974196 190974196
53442291 53442291 53442291
126986016 126986016 126986016
88731181 88731181 88731181
156990340 156990340 156990340
136067256 136067256 136067256
63253128 63253128 63253128
95061366 95061366 95061366
168535620 168535620 168535620
127800078 127800078 127800078
113033130 113033130 113033130
116060230 116060230 116060230
96778828 96778828 96778828
123001770 123001770 123001770
127832055 127832055 127832055
95006220 95006220 95006220
94318245 94318245 94318245
80232778 80232778 80232778
55329940 55329940 55329940
79575420 79575420 79575420
145274535 145274535 145274535
127624276 127624276 127624276
138802791 138802791 138802791
125223225 125223225 125223225
82169790 82169790 82169790
67645896 67645896 67645896
83250156 83250156 83250156
80625951 80625951 80625951
141094801 141094801 141094801
79878480 79878480 79878480
98063010 98063010 98063010
190193256 190193256 190193256
57025860 57025860 57025860
176071995 176071995 176071995
151232136 151232136 151232136
99510778 99510778 99510778
111370350 111370350 111370350
103183795 103183795 103183795
146572881 146572881 146572881
104466285 104466285 104466285
146316171 146316171 146316171
152259975 152259975 152259975
68485956 68485956 68485956
58671528 58671528 58671528
60858028 60858028 60858028
73708011 73708011 73708011
67913685 67913685 67913685
71730253 71730253 71730253
74633653 74633653 74633653
96611950 96611950 96611950
149463405 149463405 149463405
90659845 90659845 90659845
108744378 108744378 108744378
92786253 92786253 92786253
197597260 197597260 197597260
186582903 186582903 186582903
66314886 66314886 66314886
98680176 98680176 98680176
81440703 81440703 81440703
60824935 60824935 60824935
181251280 181251280 181251280
80752986 80752986 80752986
126460656 126460656 126460656
80106153 80106153 80106153
57904941 57904941 57904941
124070628 124070628 124070628
65740311 65740311 65740311
173380131 173380131 173380131
105960403 105960403 105960403
144440506 144440506 144440506
143744490 143744490 143744490
143320915 143320915 143320915
66061765 66061765 66061765
120986790 120986790 120986790
74682531 74682531 74682531
186486328 186486328 186486328
75565071 75565071 75565071
65293878 65293878 65293878
74817028 74817028 74817028
152155290 152155290 152155290
109394236 109394236 109394236
74401701 74401701 74401701
183409128 183409128 183409128
110357796 110357796 110357796
92079235 92079235 92079235
102295056 102295056 102295056
152068080 152068080 152068080
83392155 83392155 83392155
124812100 124812100 124812100
140557761 140557761 140557761
70039530 70039530 70039530
71061081 71061081 71061081
128696946 128696946 128696946
81313128 81313128 81313128
99214741 99214741 99214741
194429340 194429340 194429340
183370825 183370825 183370825
169473255 169473255 169473255
173417376 173417376 173417376
107597115 107597115 107597115
192187815 192187815 192187815
198871596 198871596 198871596
149844016 149844016 149844016
77271096 77271096 77271096
161865028 161865028 161865028
196346836 196346836 196346836
174835650 174835650 174835650
144015906 144015906 144015906
56599480 56599480 56599480
64644135 64644135 64644135
125397366 125397366 125397366
197835886 197835886 197835886
82657653 82657653 82657653
110016361 110016361 110016361
88824456 88824456 88824456
165210753 165210753 165210753
103831255 103831255 103831255
156353086 156353086 156353086
115163076 115163076 115163076
90983305 90983305 90983305
73102186 73102186 73102186
54439395 54439395 54439395
108214116 108214116 108214116
142881060 142881060 142881060
60791851 60791851 60791851
110878386 110878386 110878386
58217445 58217445 58217445
55361503 55361503 55361503
187491930 187491930 187491930
142644495 142644495 142644495
110774170 110774170 110774170
141346891 141346891 141346891
65453961 65453961 65453961
146675628 146675628 146675628
130888110 130888110 130888110
124575220 124575220 124575220
105669453 105669453 105669453
197418385 197418385 197418385
154203141 154203141 154203141
79147071 79147071 79147071
100330695 100330695 100330695
124859503 124859503 124859503
157220778 157220778 157220778
150207778 150207778 150207778
159391585 159391585 159391585
195218920 195218920 195218920
196961628 196961628 196961628
76601253 76601253 76601253
54731953 54731953 54731953
180699555 180699555 180699555
95489290 95489290 95489290
164720325 164720325 164720325
89478753 89478753 89478753
59858211 59858211 59858211
95724366 95724366 95724366
139787560 139787560 139787560
75638850 75638850 75638850
129806328 129806328 129806328
108921420 108921420 108921420
199130946 199130946 199130946
103543245 103543245 103543245
130451628 130451628 130451628
50486176 50486176 50486176
112717605 112717605 112717605
181346490 181346490 181346490
111280821 111280821 111280821
51516325 51516325 51516325
51020151 51020151 51020151
63794160 63794160 63794160
196445931 196445931 196445931
123740046 123740046 123740046
105146751 105146751 105146751
166449135 166449135 166449135
111923241 111923241 111923241
128921653 128921653 128921653
91266805 91266805 91266805
97001556 97001556 97001556
58379415 58379415 58379415
74097051 74097051 74097051
73659453 73659453 73659453
193444615 193444615 193444615
182338156 182338156 182338156
105175756 105175756 105175756
151754331 151754331 151754331
174387150 174387150 174387150
171467421 171467421 171467421
102252150 102252150 102252150
135951805 135951805 135951805
52659453 52659453 52659453
72655485 72655485 72655485
166777716 166777716 166777716
173790046 173790046 173790046
110848605 110848605 110848605
116288875 116288875 116288875
140038480 140038480 140038480
188480820 188480820 188480820
64575930 64575930 64575930
78056265 78056265 78056265
60099166 60099166 60099166
157682161 157682161 157682161
122500378 122500378 122500378
113891778 113891778 113891778
149930586 149930586 149930586
139687255 139687255 139687255
65213910 65213910 65213910
163090830 163090830 163090830
152259975 152259975 152259975
89358396 89358396 89358396
175621911 175621911 175621911
70181628 70181628 70181628
184252806 184252806 184252806
109335078 109335078 109335078
78143751 78143751 78143751
166248495 166248495 166248495
86178756 86178756 86178756
55878306 55878306 55878306
152225076 152225076 152225076
159766750 159766750 159766750
148841631 148841631 148841631
70466256 70466256 70466256
186814785 186814785 186814785
75565071 75565071 75565071
94112340 94112340 94112340
90740656 90740656 90740656
177105610 177105610 177105610
124259730 124259730 124259730
61377660 61377660 61377660
79764765 79764765 79764765
103831255 103831255 103831255
163452240 163452240 163452240
129822441 129822441 129822441
89011153 89011153 89011153
164502591 164502591 164502591
168958153 168958153 168958153
128712990 128712990 128712990
177256206 177256206 177256206
169160421 169160421 169160421
92147100 92147100 92147100
60285690 60285690 60285690
180509500 180509500 180509500
121625406 121625406 121625406
127161378 127161378 127161378
150867135 150867135 150867135
129403828 129403828 129403828
136843696 136843696 136843696
81071011 81071011 81071011
82593378 82593378 82593378
52649191 52649191 52649191
141531900 141531900 141531900
103687200 103687200 103687200
76638390 76638390 76638390
58088031 58088031 58088031
70300153 70300153 70300153
90095176 90095176 90095176
190095751 190095751 190095751
144746605 144746605 144746605
82503435 82503435 82503435
68006953 68006953 68006953
171300795 171300795 171300795
137954355 137954355 137954355
141952825 141952825 141952825
184675371 184675371 184675371
186061695 186061695 186061695
113334040 113334040 113334040
123928896 123928896 123928896
172153290 172153290 172153290
134242305 134242305 134242305
136694845 136694845 136694845
132445950 132445950 132445950
150017181 150017181 150017181
62177976 62177976 62177976
63017151 63017151 63017151
116304126 116304126 116304126
104538570 104538570 104538570
81708936 81708936 81708936
139687255 139687255 139687255
135095703 135095703 135095703
159838260 159838260 159838260
156618451 156618451 156618451
99412050 99412050 99412050
86296953 86296953 86296953
102037755 102037755 102037755
126063381 126063381 126063381
167161470 167161470 167161470
53483653 53483653 53483653
111236070 111236070 111236070
127368780 127368780 127368780
85379778 85379778 85379778
114617370 114617370 114617370
57325278 57325278 57325278
92024961 92024961 92024961
57550356 57550356 57550356
55783203 55783203 55783203
133882066 133882066 133882066
71634465 71634465 71634465
83082495 83082495 83082495
79676376 79676376 79676376
75380781 75380781 75380781
149878641 149878641 149878641
124212441 124212441 124212441
144678555 144678555 144678555
110120220 110120220 110120220
144134731 144134731 144134731
128008000 128008000 128008000
151284315 151284315 151284315
105233778 105233778 105233778
155875996 155875996 155875996
136976076 136976076 136976076
69460791 69460791 69460791
90202596 90202596 90202596
105771240 105771240 105771240
57668430 57668430 57668430
176278476 176278476 176278476
154607320 154607320 154607320
101566878 101566878 101566878
99524886 99524886 99524886
120349855 120349855 120349855
65602785 65602785 65602785
112792690 112792690 112792690
84870906 84870906 84870906
138969456 138969456 138969456
76514635 76514635 76514635
138836116 138836116 138836116
161056378 161056378 161056378
98343300 98343300 98343300
105756696 105756696 105756696
142037085 142037085 142037085
128136036 128136036 128136036
112222671 112222671 112222671
55677628 55677628 55677628
132657616 132657616 132657616
164956366 164956366 164956366
168535620 168535620 168535620
60714690 60714690 60714690
118264510 118264510 118264510
117911046 117911046 117911046
189374991 189374991 189374991
170893828 170893828 170893828
168425481 168425481 168425481
96598050 96598050 96598050
124638366 124638366 124638366
101452890 101452890 101452890
197617140 197617140 197617140
77706811 77706811 77706811
167143186 167143186 167143186
116655175 116655175 116655175
52392966 52392966 52392966
178784595 178784595 178784595
172376028 172376028 172376028
70027695 70027695 70027695
160912830 160912830 160912830
193739770 193739770 193739770
193090726 193090726 193090726
191091475 191091475 191091475
185599011 185599011 185599011
152556778 152556778 152556778
51111105 51111105 51111105
191874255 191874255 191874255
133293628 133293628 133293628
157948651 157948651 157948651
121391571 121391571 121391571
186158160 186158160 186158160
160859016 160859016 160859016
159748875 159748875 159748875
119127330 119127330 119127330
166193796 166193796 166193796
144032878 144032878 144032878
84870906 84870906 84870906
195990301 195990301 195990301
181841985 181841985 181841985
106397578 106397578 106397578
132804253 132804253 132804253
182204505 182204505 182204505
79966981 79966981 79966981
182223595 182223595 182223595
164013216 164013216 164013216
137987578 137987578 137987578
152486916 152486916 152486916
73356328 73356328 73356328
94964871 94964871 94964871
71419176 71419176 71419176
184906065 184906065 184906065
